NeuroDia_AppMovil/NeuroDia/app/build/intermediates/manifest_merge_blame_file/debug/processDebugMainManifest/manifest-merger-blame-debug-report.txt
1<?xml version="1.0" encoding="utf-8"?>
2<manifest xmlns:android="http://schemas.android.com/apk/res/android"
3    package="mx.ceti.neurodia"
4    android:versionCode="1"
5    android:versionName="1.0" >
6
7    <uses-sdk
8        android:minSdkVersion="28"
9        android:targetSdkVersion="34" />
10
11    <uses-permission android:name="android.permission.INTERNET" />
11-->src\main\AndroidManifest.xml:4:5-67
11-->src\main\AndroidManifest.xml:4:22-64
12    <uses-permission android:name="android.permission.ACCESS_NETWORK_STATE" />
12-->src\main\AndroidManifest.xml:5:5-79
12-->src\main\AndroidManifest.xml:5:22-76
13
14    <permission
14-->[androidx.core:core:1.12.0] AndroidManifest.xml:22:5-24:47
15        android:name="mx.ceti.neurodia.DYNAMIC_RECEIVER_NOT_EXPORTED_PERMISSION"
15-->[androidx.core:core:1.12.0] AndroidManifest.xml:23:9-81
16        android:protectionLevel="signature" />
16-->[androidx.core:core:1.12.0] AndroidManifest.xml:24:9-44
17
18    <uses-permission android:name="mx.ceti.neurodia.DYNAMIC_RECEIVER_NOT_EXPORTED_PERMISSION" />
18-->[androidx.core:core:1.12.0] AndroidManifest.xml:26:5-97
18-->[androidx.core:core:1.12.0] AndroidManifest.xml:26:22-94
19
20    <application
20-->src\main\AndroidManifest.xml:7:5-69:19
21        android:name="mx.ceti.neurodia.NeuroDiaApp"
21-->src\main\AndroidManifest.xml:8:9-36
22        android:allowBackup="true"
22-->src\main\AndroidManifest.xml:9:9-35
23        android:appComponentFactory="androidx.core.app.CoreComponentFactory"
23-->[androidx.core:core:1.12.0] AndroidManifest.xml:28:18-86
24        android:debuggable="true"
25        android:extractNativeLibs="false"
26        android:icon="@mipmap/ic_launcher"
26-->src\main\AndroidManifest.xml:10:9-43
27        android:label="@string/app_name"
27-->src\main\AndroidManifest.xml:11:9-41
28        android:networkSecurityConfig="@xml/network_security_config"
28-->src\main\AndroidManifest.xml:15:9-69
29        android:roundIcon="@mipmap/ic_launcher_round"
29-->src\main\AndroidManifest.xml:12:9-54
30        android:supportsRtl="true"
30-->src\main\AndroidManifest.xml:13:9-35
31        android:testOnly="true"
32        android:theme="@style/Theme.NeuroDia" >
32-->src\main\AndroidManifest.xml:14:9-46
33
34        <!-- LOGIN -->
35        <activity
35-->src\main\AndroidManifest.xml:18:9-27:20
36            android:name="mx.ceti.neurodia.ui.login.LoginActivity"
36-->src\main\AndroidManifest.xml:19:13-51
37            android:exported="true"
37-->src\main\AndroidManifest.xml:20:13-36
38            android:label="@string/app_name"
38-->src\main\AndroidManifest.xml:21:13-45
39            android:windowSoftInputMode="adjustResize" >
39-->src\main\AndroidManifest.xml:22:13-55
40            <intent-filter>
40-->src\main\AndroidManifest.xml:23:13-26:29
41                <action android:name="android.intent.action.MAIN" />
41-->src\main\AndroidManifest.xml:24:17-69
41-->src\main\AndroidManifest.xml:24:25-66
42
43                <category android:name="android.intent.category.LAUNCHER" />
43-->src\main\AndroidManifest.xml:25:17-77
43-->src\main\AndroidManifest.xml:25:27-74
44            </intent-filter>
45        </activity>
46
47        <!-- PACIENTE -->
48        <activity
48-->src\main\AndroidManifest.xml:30:9-32:58
49            android:name="mx.ceti.neurodia.ui.paciente.MonitoreoActivity"
49-->src\main\AndroidManifest.xml:30:19-64
50            android:label="Monitoreo Diario"
50-->src\main\AndroidManifest.xml:31:13-45
51            android:windowSoftInputMode="adjustResize" />
51-->src\main\AndroidManifest.xml:32:13-55
52        <activity
52-->src\main\AndroidManifest.xml:33:9-35:58
53            android:name="mx.ceti.neurodia.ui.paciente.PerfilActivity"
53-->src\main\AndroidManifest.xml:33:19-61
54            android:label="Mi Perfil"
54-->src\main\AndroidManifest.xml:34:13-38
55            android:windowSoftInputMode="adjustResize" />
55-->src\main\AndroidManifest.xml:35:13-55
56        <activity
56-->src\main\AndroidManifest.xml:36:9-37:41
57            android:name="mx.ceti.neurodia.ui.paciente.HistorialActivity"
57-->src\main\AndroidManifest.xml:36:19-64
58            android:label="Historial" />
58-->src\main\AndroidManifest.xml:37:13-38
59        <activity
59-->src\main\AndroidManifest.xml:38:9-39:39
60            android:name="mx.ceti.neurodia.ui.paciente.AlertasPacienteActivity"
60-->src\main\AndroidManifest.xml:38:19-70
61            android:label="Alertas" />
61-->src\main\AndroidManifest.xml:39:13-36
62        <activity
62-->src\main\AndroidManifest.xml:40:9-42:58
63            android:name="mx.ceti.neurodia.ui.paciente.ChatPacienteActivity"
63-->src\main\AndroidManifest.xml:40:19-67
64            android:label="Chat con mi médico"
64-->src\main\AndroidManifest.xml:41:13-47
65            android:windowSoftInputMode="adjustResize" />
65-->src\main\AndroidManifest.xml:42:13-55
66        <activity
66-->src\main\AndroidManifest.xml:43:9-45:58
67            android:name="mx.ceti.neurodia.ui.paciente.MedicamentosActivity"
67-->src\main\AndroidManifest.xml:43:19-67
68            android:label="Medicamentos y comorbilidades"
68-->src\main\AndroidManifest.xml:44:13-58
69            android:windowSoftInputMode="adjustResize" />
69-->src\main\AndroidManifest.xml:45:13-55
70        <activity
70-->src\main\AndroidManifest.xml:46:9-47:40
71            android:name="mx.ceti.neurodia.ui.paciente.PacienteHomeActivity"
71-->src\main\AndroidManifest.xml:46:19-67
72            android:label="NeuroDia" />
72-->src\main\AndroidManifest.xml:47:13-37
73
74        <!-- MÉDICO -->
75        <activity
75-->src\main\AndroidManifest.xml:50:9-51:41
76            android:name="mx.ceti.neurodia.ui.medico.DashboardMedicoActivity"
76-->src\main\AndroidManifest.xml:50:19-68
77            android:label="Dashboard" />
77-->src\main\AndroidManifest.xml:51:13-38
78        <activity
78-->src\main\AndroidManifest.xml:52:9-53:45
79            android:name="mx.ceti.neurodia.ui.medico.PacientesActivity"
79-->src\main\AndroidManifest.xml:52:19-62
80            android:label="Mis Pacientes" />
80-->src\main\AndroidManifest.xml:53:13-42
81        <activity
81-->src\main\AndroidManifest.xml:54:9-56:58
82            android:name="mx.ceti.neurodia.ui.medico.PacienteDetalleActivity"
82-->src\main\AndroidManifest.xml:54:19-68
83            android:label="Detalle del Paciente"
83-->src\main\AndroidManifest.xml:55:13-49
84            android:windowSoftInputMode="adjustResize" />
84-->src\main\AndroidManifest.xml:56:13-55
85        <activity
85-->src\main\AndroidManifest.xml:57:9-58:50
86            android:name="mx.ceti.neurodia.ui.medico.AlertasMedicoActivity"
86-->src\main\AndroidManifest.xml:57:19-66
87            android:label="Alertas Pendientes" />
87-->src\main\AndroidManifest.xml:58:13-47
88        <activity
88-->src\main\AndroidManifest.xml:59:9-61:58
89            android:name="mx.ceti.neurodia.ui.medico.ChatMedicoActivity"
89-->src\main\AndroidManifest.xml:59:19-63
90            android:label="Chat"
90-->src\main\AndroidManifest.xml:60:13-33
91            android:windowSoftInputMode="adjustResize" />
91-->src\main\AndroidManifest.xml:61:13-55
92        <activity
92-->src\main\AndroidManifest.xml:62:9-64:58
93            android:name="mx.ceti.neurodia.ui.medico.AltaPacienteActivity"
93-->src\main\AndroidManifest.xml:62:19-65
94            android:label="Dar de alta paciente"
94-->src\main\AndroidManifest.xml:63:13-49
95            android:windowSoftInputMode="adjustResize" />
95-->src\main\AndroidManifest.xml:64:13-55
96        <activity
96-->src\main\AndroidManifest.xml:65:9-67:58
97            android:name="mx.ceti.neurodia.ui.medico.HorarioActivity"
97-->src\main\AndroidManifest.xml:65:19-60
98            android:label="Horario de atención"
98-->src\main\AndroidManifest.xml:66:13-48
99            android:windowSoftInputMode="adjustResize" />
99-->src\main\AndroidManifest.xml:67:13-55
100
101        <provider
101-->[androidx.emoji2:emoji2:1.2.0] AndroidManifest.xml:24:9-32:20
102            android:name="androidx.startup.InitializationProvider"
102-->[androidx.emoji2:emoji2:1.2.0] AndroidManifest.xml:25:13-67
103            android:authorities="mx.ceti.neurodia.androidx-startup"
103-->[androidx.emoji2:emoji2:1.2.0] AndroidManifest.xml:26:13-68
104            android:exported="false" >
104-->[androidx.emoji2:emoji2:1.2.0] AndroidManifest.xml:27:13-37
105            <meta-data
105-->[androidx.emoji2:emoji2:1.2.0] AndroidManifest.xml:29:13-31:52
106                android:name="androidx.emoji2.text.EmojiCompatInitializer"
106-->[androidx.emoji2:emoji2:1.2.0] AndroidManifest.xml:30:17-75
107                android:value="androidx.startup" />
107-->[androidx.emoji2:emoji2:1.2.0] AndroidManifest.xml:31:17-49
108            <meta-data
108-->[androidx.lifecycle:lifecycle-process:2.7.0] AndroidManifest.xml:29:13-31:52
109                android:name="androidx.lifecycle.ProcessLifecycleInitializer"
109-->[androidx.lifecycle:lifecycle-process:2.7.0] AndroidManifest.xml:30:17-78
110                android:value="androidx.startup" />
110-->[androidx.lifecycle:lifecycle-process:2.7.0] AndroidManifest.xml:31:17-49
111            <meta-data
111-->[androidx.profileinstaller:profileinstaller:1.3.0] AndroidManifest.xml:29:13-31:52
112                android:name="androidx.profileinstaller.ProfileInstallerInitializer"
112-->[androidx.profileinstaller:profileinstaller:1.3.0] AndroidManifest.xml:30:17-85
113                android:value="androidx.startup" />
113-->[androidx.profileinstaller:profileinstaller:1.3.0] AndroidManifest.xml:31:17-49
114        </provider>
115
116        <receiver
116-->[androidx.profileinstaller:profileinstaller:1.3.0] AndroidManifest.xml:34:9-52:20
117            android:name="androidx.profileinstaller.ProfileInstallReceiver"
117-->[androidx.profileinstaller:profileinstaller:1.3.0] AndroidManifest.xml:35:13-76
118            android:directBootAware="false"
118-->[androidx.profileinstaller:profileinstaller:1.3.0] AndroidManifest.xml:36:13-44
119            android:enabled="true"
119-->[androidx.profileinstaller:profileinstaller:1.3.0] AndroidManifest.xml:37:13-35
120            android:exported="true"
120-->[androidx.profileinstaller:profileinstaller:1.3.0] AndroidManifest.xml:38:13-36
121            android:permission="android.permission.DUMP" >
121-->[androidx.profileinstaller:profileinstaller:1.3.0] AndroidManifest.xml:39:13-57
122            <intent-filter>
122-->[androidx.profileinstaller:profileinstaller:1.3.0] AndroidManifest.xml:40:13-42:29
123                <action android:name="androidx.profileinstaller.action.INSTALL_PROFILE" />
123-->[androidx.profileinstaller:profileinstaller:1.3.0] AndroidManifest.xml:41:17-91
123-->[androidx.profileinstaller:profileinstaller:1.3.0] AndroidManifest.xml:41:25-88
124            </intent-filter>
125            <intent-filter>
125-->[androidx.profileinstaller:profileinstaller:1.3.0] AndroidManifest.xml:43:13-45:29
126                <action android:name="androidx.profileinstaller.action.SKIP_FILE" />
126-->[androidx.profileinstaller:profileinstaller:1.3.0] AndroidManifest.xml:44:17-85
126-->[androidx.profileinstaller:profileinstaller:1.3.0] AndroidManifest.xml:44:25-82
127            </intent-filter>
128            <intent-filter>
128-->[androidx.profileinstaller:profileinstaller:1.3.0] AndroidManifest.xml:46:13-48:29
129                <action android:name="androidx.profileinstaller.action.SAVE_PROFILE" />
129-->[androidx.profileinstaller:profileinstaller:1.3.0] AndroidManifest.xml:47:17-88
129-->[androidx.profileinstaller:profileinstaller:1.3.0] AndroidManifest.xml:47:25-85
130            </intent-filter>
131            <intent-filter>
131-->[androidx.profileinstaller:profileinstaller:1.3.0] AndroidManifest.xml:49:13-51:29
132                <action android:name="androidx.profileinstaller.action.BENCHMARK_OPERATION" />
132-->[androidx.profileinstaller:profileinstaller:1.3.0] AndroidManifest.xml:50:17-95
132-->[androidx.profileinstaller:profileinstaller:1.3.0] AndroidManifest.xml:50:25-92
133            </intent-filter>
134        </receiver>
135    </application>
136
137</manifest>